{"level":"INFO","timestamp":"2025-07-31T14:14:39.620+0700","caller":"presentation/app.go:36","msg":"Starting server"}
{"level":"INFO","timestamp":"2025-07-31T14:16:14.021+0700","caller":"server/server.go:82","msg":"ServeGRPC: shutting down"}
{"level":"INFO","timestamp":"2025-07-31T14:16:14.021+0700","caller":"server/server.go:91","msg":"ServeGPRC: serve stopped"}
{"level":"INFO","timestamp":"2025-07-31T14:16:14.027+0700","caller":"srvdisc/consul.go:81","msg":"DeRegister service successfully","serviceID":"3a462604-2b89-4ec4-9760-e6d882a771a0"}
{"level":"INFO","timestamp":"2025-07-31T14:16:50.550+0700","caller":"presentation/app.go:32","msg":"Initializing app"}
{"level":"INFO","timestamp":"2025-07-31T14:16:50.659+0700","caller":"presentation/app.go:54","msg":"Starting server"}
{"level":"INFO","timestamp":"2025-07-31T14:20:19.818+0700","caller":"server/server.go:82","msg":"ServeGRPC: shutting down"}
{"level":"INFO","timestamp":"2025-07-31T14:20:19.819+0700","caller":"server/server.go:91","msg":"ServeGPRC: serve stopped"}
{"level":"INFO","timestamp":"2025-07-31T14:20:19.825+0700","caller":"srvdisc/consul.go:81","msg":"DeRegister service successfully","serviceID":"18609f46-e638-46cc-a999-b279ca82275d"}
{"level":"INFO","timestamp":"2025-07-31T14:20:21.184+0700","caller":"presentation/app.go:34","msg":"Initializing app"}
{"level":"INFO","timestamp":"2025-07-31T14:20:21.189+0700","caller":"projection/connection.go:48","msg":"Successfully connected to Postgres database"}
{"level":"ERROR","timestamp":"2025-07-31T14:20:21.281+0700","caller":"eventstore/connection.go:27","msg":"Error parsing connection string","error":"an invalid scheme is specified, expecting esdb:// or esdb+discover://","stacktrace":"event_sourcing_payment/infrastructure/eventstore.NewEventStoreConnection\n\t/home/bhtoan/event_store_database/payment/infrastructure/eventstore/connection.go:27\nevent_sourcing_payment/presentation.NewApp\n\t/home/bhtoan/event_store_database/payment/presentation/app.go:51\nmain.run\n\t/home/bhtoan/event_store_database/payment/cmd/main.go:42\nmain.main\n\t/home/bhtoan/event_store_database/payment/cmd/main.go:25\nruntime.main\n\t/home/bhtoan/go/pkg/mod/golang.org/toolchain@v0.0.1-go1.24.2.linux-amd64/src/runtime/proc.go:283"}
{"level":"ERROR","timestamp":"2025-07-31T14:20:21.281+0700","caller":"presentation/app.go:53","msg":"Error initializing event store connection","error":"an invalid scheme is specified, expecting esdb:// or esdb+discover://","stacktrace":"event_sourcing_payment/presentation.NewApp\n\t/home/bhtoan/event_store_database/payment/presentation/app.go:53\nmain.run\n\t/home/bhtoan/event_store_database/payment/cmd/main.go:42\nmain.main\n\t/home/bhtoan/event_store_database/payment/cmd/main.go:25\nruntime.main\n\t/home/bhtoan/go/pkg/mod/golang.org/toolchain@v0.0.1-go1.24.2.linux-amd64/src/runtime/proc.go:283"}
{"level":"ERROR","timestamp":"2025-07-31T14:20:21.281+0700","caller":"cmd/main.go:44","msg":"Error initializing app","error":"an invalid scheme is specified, expecting esdb:// or esdb+discover://","stacktrace":"main.run\n\t/home/bhtoan/event_store_database/payment/cmd/main.go:44\nmain.main\n\t/home/bhtoan/event_store_database/payment/cmd/main.go:25\nruntime.main\n\t/home/bhtoan/go/pkg/mod/golang.org/toolchain@v0.0.1-go1.24.2.linux-amd64/src/runtime/proc.go:283"}
{"level":"ERROR","timestamp":"2025-07-31T14:20:21.282+0700","caller":"cmd/main.go:28","msg":"realMain has failed with err=%v","error":"an invalid scheme is specified, expecting esdb:// or esdb+discover://","stacktrace":"main.main\n\t/home/bhtoan/event_store_database/payment/cmd/main.go:28\nruntime.main\n\t/home/bhtoan/go/pkg/mod/golang.org/toolchain@v0.0.1-go1.24.2.linux-amd64/src/runtime/proc.go:283"}
{"level":"INFO","timestamp":"2025-07-31T14:22:07.789+0700","caller":"presentation/app.go:34","msg":"Initializing app"}
{"level":"INFO","timestamp":"2025-07-31T14:22:07.794+0700","caller":"projection/connection.go:48","msg":"Successfully connected to Postgres database"}
{"level":"ERROR","timestamp":"2025-07-31T14:22:07.865+0700","caller":"eventstore/connection.go:27","msg":"Error parsing connection string","error":"an invalid scheme is specified, expecting esdb:// or esdb+discover://","stacktrace":"event_sourcing_payment/infrastructure/eventstore.NewEventStoreConnection\n\t/home/bhtoan/event_store_database/payment/infrastructure/eventstore/connection.go:27\nevent_sourcing_payment/presentation.NewApp\n\t/home/bhtoan/event_store_database/payment/presentation/app.go:51\nmain.run\n\t/home/bhtoan/event_store_database/payment/cmd/main.go:42\nmain.main\n\t/home/bhtoan/event_store_database/payment/cmd/main.go:25\nruntime.main\n\t/home/bhtoan/go/pkg/mod/golang.org/toolchain@v0.0.1-go1.24.2.linux-amd64/src/runtime/proc.go:283"}
{"level":"ERROR","timestamp":"2025-07-31T14:22:07.865+0700","caller":"presentation/app.go:53","msg":"Error initializing event store connection","error":"an invalid scheme is specified, expecting esdb:// or esdb+discover://","stacktrace":"event_sourcing_payment/presentation.NewApp\n\t/home/bhtoan/event_store_database/payment/presentation/app.go:53\nmain.run\n\t/home/bhtoan/event_store_database/payment/cmd/main.go:42\nmain.main\n\t/home/bhtoan/event_store_database/payment/cmd/main.go:25\nruntime.main\n\t/home/bhtoan/go/pkg/mod/golang.org/toolchain@v0.0.1-go1.24.2.linux-amd64/src/runtime/proc.go:283"}
{"level":"ERROR","timestamp":"2025-07-31T14:22:07.865+0700","caller":"cmd/main.go:44","msg":"Error initializing app","error":"an invalid scheme is specified, expecting esdb:// or esdb+discover://","stacktrace":"main.run\n\t/home/bhtoan/event_store_database/payment/cmd/main.go:44\nmain.main\n\t/home/bhtoan/event_store_database/payment/cmd/main.go:25\nruntime.main\n\t/home/bhtoan/go/pkg/mod/golang.org/toolchain@v0.0.1-go1.24.2.linux-amd64/src/runtime/proc.go:283"}
{"level":"ERROR","timestamp":"2025-07-31T14:22:07.865+0700","caller":"cmd/main.go:28","msg":"realMain has failed with err=%v","error":"an invalid scheme is specified, expecting esdb:// or esdb+discover://","stacktrace":"main.main\n\t/home/bhtoan/event_store_database/payment/cmd/main.go:28\nruntime.main\n\t/home/bhtoan/go/pkg/mod/golang.org/toolchain@v0.0.1-go1.24.2.linux-amd64/src/runtime/proc.go:283"}
{"level":"INFO","timestamp":"2025-07-31T14:22:27.442+0700","caller":"presentation/app.go:33","msg":"Initializing app"}
{"level":"INFO","timestamp":"2025-07-31T14:22:27.446+0700","caller":"projection/connection.go:48","msg":"Successfully connected to Postgres database"}
{"level":"ERROR","timestamp":"2025-07-31T14:22:27.524+0700","caller":"eventstore/connection.go:27","msg":"Error parsing connection string","error":"an invalid scheme is specified, expecting esdb:// or esdb+discover://","stacktrace":"event_sourcing_payment/infrastructure/eventstore.NewEventStoreConnection\n\t/home/bhtoan/event_store_database/payment/infrastructure/eventstore/connection.go:27\nevent_sourcing_payment/presentation.NewApp\n\t/home/bhtoan/event_store_database/payment/presentation/app.go:50\nmain.run\n\t/home/bhtoan/event_store_database/payment/cmd/main.go:42\nmain.main\n\t/home/bhtoan/event_store_database/payment/cmd/main.go:25\nruntime.main\n\t/home/bhtoan/go/pkg/mod/golang.org/toolchain@v0.0.1-go1.24.2.linux-amd64/src/runtime/proc.go:283"}
{"level":"ERROR","timestamp":"2025-07-31T14:22:27.524+0700","caller":"presentation/app.go:52","msg":"Error initializing event store connection","error":"an invalid scheme is specified, expecting esdb:// or esdb+discover://","stacktrace":"event_sourcing_payment/presentation.NewApp\n\t/home/bhtoan/event_store_database/payment/presentation/app.go:52\nmain.run\n\t/home/bhtoan/event_store_database/payment/cmd/main.go:42\nmain.main\n\t/home/bhtoan/event_store_database/payment/cmd/main.go:25\nruntime.main\n\t/home/bhtoan/go/pkg/mod/golang.org/toolchain@v0.0.1-go1.24.2.linux-amd64/src/runtime/proc.go:283"}
{"level":"ERROR","timestamp":"2025-07-31T14:22:27.524+0700","caller":"cmd/main.go:44","msg":"Error initializing app","error":"an invalid scheme is specified, expecting esdb:// or esdb+discover://","stacktrace":"main.run\n\t/home/bhtoan/event_store_database/payment/cmd/main.go:44\nmain.main\n\t/home/bhtoan/event_store_database/payment/cmd/main.go:25\nruntime.main\n\t/home/bhtoan/go/pkg/mod/golang.org/toolchain@v0.0.1-go1.24.2.linux-amd64/src/runtime/proc.go:283"}
{"level":"ERROR","timestamp":"2025-07-31T14:22:27.524+0700","caller":"cmd/main.go:28","msg":"realMain has failed with err=%v","error":"an invalid scheme is specified, expecting esdb:// or esdb+discover://","stacktrace":"main.main\n\t/home/bhtoan/event_store_database/payment/cmd/main.go:28\nruntime.main\n\t/home/bhtoan/go/pkg/mod/golang.org/toolchain@v0.0.1-go1.24.2.linux-amd64/src/runtime/proc.go:283"}
{"level":"INFO","timestamp":"2025-07-31T14:23:48.204+0700","caller":"presentation/app.go:33","msg":"Initializing app"}
{"level":"INFO","timestamp":"2025-07-31T14:23:48.210+0700","caller":"projection/connection.go:48","msg":"Successfully connected to Postgres database"}
{"level":"INFO","timestamp":"2025-07-31T14:23:48.294+0700","caller":"presentation/app.go:56","msg":"Event store connection initialized","eventStoreConnection":{}}
{"level":"INFO","timestamp":"2025-07-31T14:23:48.294+0700","caller":"presentation/app.go:63","msg":"Starting server"}
{"level":"INFO","timestamp":"2025-07-31T15:00:35.654+0700","caller":"server/server.go:82","msg":"ServeGRPC: shutting down"}
{"level":"INFO","timestamp":"2025-07-31T15:00:35.665+0700","caller":"server/server.go:91","msg":"ServeGPRC: serve stopped"}
{"level":"INFO","timestamp":"2025-07-31T15:00:35.670+0700","caller":"srvdisc/consul.go:81","msg":"DeRegister service successfully","serviceID":"8e12bb14-7ba4-4695-b2c1-be025784f0f5"}
{"level":"INFO","timestamp":"2025-07-31T15:25:10.070+0700","caller":"presentation/app.go:38","msg":"Initializing app"}
{"level":"INFO","timestamp":"2025-07-31T15:25:10.076+0700","caller":"projection/connection.go:48","msg":"Successfully connected to Postgres database"}
{"level":"ERROR","timestamp":"2025-07-31T15:25:11.181+0700","caller":"eventstore/connection.go:83","msg":"Failed to append transaction event to EventStore","error":"[ErrorUnavailable] the server is not ready to accept requests: maximum discovery attempt count reached: 10. Last Error: rpc error: code = Unavailable desc = connection error: desc = \"error reading server preface: EOF\"","stacktrace":"event_sourcing_payment/infrastructure/eventstore.(*EventStoreConnection).SaveTransactionEvent\n\t/home/bhtoan/event_store_database/payment/infrastructure/eventstore/connection.go:83\nevent_sourcing_payment/presentation.NewApp\n\t/home/bhtoan/event_store_database/payment/presentation/app.go:68\nmain.run\n\t/home/bhtoan/event_store_database/payment/cmd/main.go:42\nmain.main\n\t/home/bhtoan/event_store_database/payment/cmd/main.go:25\nruntime.main\n\t/home/bhtoan/go/pkg/mod/golang.org/toolchain@v0.0.1-go1.24.2.linux-amd64/src/runtime/proc.go:283"}
{"level":"ERROR","timestamp":"2025-07-31T15:25:11.181+0700","caller":"presentation/app.go:70","msg":"Error saving transaction event","error":"[ErrorUnavailable] the server is not ready to accept requests: maximum discovery attempt count reached: 10. Last Error: rpc error: code = Unavailable desc = connection error: desc = \"error reading server preface: EOF\"","stacktrace":"event_sourcing_payment/presentation.NewApp\n\t/home/bhtoan/event_store_database/payment/presentation/app.go:70\nmain.run\n\t/home/bhtoan/event_store_database/payment/cmd/main.go:42\nmain.main\n\t/home/bhtoan/event_store_database/payment/cmd/main.go:25\nruntime.main\n\t/home/bhtoan/go/pkg/mod/golang.org/toolchain@v0.0.1-go1.24.2.linux-amd64/src/runtime/proc.go:283"}
{"level":"ERROR","timestamp":"2025-07-31T15:25:11.181+0700","caller":"cmd/main.go:44","msg":"Error initializing app","error":"[ErrorUnavailable] the server is not ready to accept requests: maximum discovery attempt count reached: 10. Last Error: rpc error: code = Unavailable desc = connection error: desc = \"error reading server preface: EOF\"","stacktrace":"main.run\n\t/home/bhtoan/event_store_database/payment/cmd/main.go:44\nmain.main\n\t/home/bhtoan/event_store_database/payment/cmd/main.go:25\nruntime.main\n\t/home/bhtoan/go/pkg/mod/golang.org/toolchain@v0.0.1-go1.24.2.linux-amd64/src/runtime/proc.go:283"}
{"level":"ERROR","timestamp":"2025-07-31T15:25:11.182+0700","caller":"cmd/main.go:28","msg":"realMain has failed with err=%v","error":"[ErrorUnavailable] the server is not ready to accept requests: maximum discovery attempt count reached: 10. Last Error: rpc error: code = Unavailable desc = connection error: desc = \"error reading server preface: EOF\"","stacktrace":"main.main\n\t/home/bhtoan/event_store_database/payment/cmd/main.go:28\nruntime.main\n\t/home/bhtoan/go/pkg/mod/golang.org/toolchain@v0.0.1-go1.24.2.linux-amd64/src/runtime/proc.go:283"}
{"level":"INFO","timestamp":"2025-07-31T15:25:38.311+0700","caller":"presentation/app.go:38","msg":"Initializing app"}
{"level":"INFO","timestamp":"2025-07-31T15:25:38.315+0700","caller":"projection/connection.go:48","msg":"Successfully connected to Postgres database"}
{"level":"ERROR","timestamp":"2025-07-31T15:25:39.414+0700","caller":"eventstore/connection.go:83","msg":"Failed to append transaction event to EventStore","error":"[ErrorUnavailable] the server is not ready to accept requests: maximum discovery attempt count reached: 10. Last Error: rpc error: code = Unavailable desc = connection error: desc = \"error reading server preface: EOF\"","stacktrace":"event_sourcing_payment/infrastructure/eventstore.(*EventStoreConnection).SaveTransactionEvent\n\t/home/bhtoan/event_store_database/payment/infrastructure/eventstore/connection.go:83\nevent_sourcing_payment/presentation.NewApp\n\t/home/bhtoan/event_store_database/payment/presentation/app.go:68\nmain.run\n\t/home/bhtoan/event_store_database/payment/cmd/main.go:42\nmain.main\n\t/home/bhtoan/event_store_database/payment/cmd/main.go:25\nruntime.main\n\t/home/bhtoan/go/pkg/mod/golang.org/toolchain@v0.0.1-go1.24.2.linux-amd64/src/runtime/proc.go:283"}
{"level":"ERROR","timestamp":"2025-07-31T15:25:39.415+0700","caller":"presentation/app.go:70","msg":"Error saving transaction event","error":"[ErrorUnavailable] the server is not ready to accept requests: maximum discovery attempt count reached: 10. Last Error: rpc error: code = Unavailable desc = connection error: desc = \"error reading server preface: EOF\"","stacktrace":"event_sourcing_payment/presentation.NewApp\n\t/home/bhtoan/event_store_database/payment/presentation/app.go:70\nmain.run\n\t/home/bhtoan/event_store_database/payment/cmd/main.go:42\nmain.main\n\t/home/bhtoan/event_store_database/payment/cmd/main.go:25\nruntime.main\n\t/home/bhtoan/go/pkg/mod/golang.org/toolchain@v0.0.1-go1.24.2.linux-amd64/src/runtime/proc.go:283"}
{"level":"INFO","timestamp":"2025-07-31T15:25:39.433+0700","caller":"locker/locker.go:24","msg":"Initializing locker"}
{"level":"INFO","timestamp":"2025-07-31T15:25:39.433+0700","caller":"presentation/app.go:81","msg":"Event store connection initialized","eventStoreConnection":{}}
{"level":"INFO","timestamp":"2025-07-31T15:25:39.433+0700","caller":"presentation/app.go:88","msg":"Starting server"}
{"level":"INFO","timestamp":"2025-07-31T15:28:37.914+0700","caller":"server/server.go:82","msg":"ServeGRPC: shutting down"}
{"level":"INFO","timestamp":"2025-07-31T15:28:37.914+0700","caller":"server/server.go:91","msg":"ServeGPRC: serve stopped"}
{"level":"INFO","timestamp":"2025-07-31T15:28:37.917+0700","caller":"srvdisc/consul.go:81","msg":"DeRegister service successfully","serviceID":"efe93daf-d45a-4b51-a4b6-c4f4e0546ad5"}
{"level":"INFO","timestamp":"2025-07-31T15:28:39.677+0700","caller":"presentation/app.go:38","msg":"Initializing app"}
{"level":"INFO","timestamp":"2025-07-31T15:28:39.682+0700","caller":"projection/connection.go:48","msg":"Successfully connected to Postgres database"}
{"level":"ERROR","timestamp":"2025-07-31T15:28:40.775+0700","caller":"eventstore/connection.go:83","msg":"Failed to append transaction event to EventStore","error":"[ErrorUnavailable] the server is not ready to accept requests: maximum discovery attempt count reached: 10. Last Error: rpc error: code = Unavailable desc = connection error: desc = \"error reading server preface: EOF\"","stacktrace":"event_sourcing_payment/infrastructure/eventstore.(*EventStoreConnection).SaveTransactionEvent\n\t/home/bhtoan/event_store_database/payment/infrastructure/eventstore/connection.go:83\nevent_sourcing_payment/presentation.NewApp\n\t/home/bhtoan/event_store_database/payment/presentation/app.go:68\nmain.run\n\t/home/bhtoan/event_store_database/payment/cmd/main.go:42\nmain.main\n\t/home/bhtoan/event_store_database/payment/cmd/main.go:25\nruntime.main\n\t/home/bhtoan/go/pkg/mod/golang.org/toolchain@v0.0.1-go1.24.2.linux-amd64/src/runtime/proc.go:283"}
{"level":"ERROR","timestamp":"2025-07-31T15:28:40.775+0700","caller":"presentation/app.go:70","msg":"Error saving transaction event","error":"[ErrorUnavailable] the server is not ready to accept requests: maximum discovery attempt count reached: 10. Last Error: rpc error: code = Unavailable desc = connection error: desc = \"error reading server preface: EOF\"","stacktrace":"event_sourcing_payment/presentation.NewApp\n\t/home/bhtoan/event_store_database/payment/presentation/app.go:70\nmain.run\n\t/home/bhtoan/event_store_database/payment/cmd/main.go:42\nmain.main\n\t/home/bhtoan/event_store_database/payment/cmd/main.go:25\nruntime.main\n\t/home/bhtoan/go/pkg/mod/golang.org/toolchain@v0.0.1-go1.24.2.linux-amd64/src/runtime/proc.go:283"}
{"level":"INFO","timestamp":"2025-07-31T15:28:40.777+0700","caller":"locker/locker.go:24","msg":"Initializing locker"}
{"level":"INFO","timestamp":"2025-07-31T15:28:40.777+0700","caller":"presentation/app.go:81","msg":"Event store connection initialized","eventStoreConnection":{}}
{"level":"INFO","timestamp":"2025-07-31T15:28:40.777+0700","caller":"presentation/app.go:88","msg":"Starting server"}
{"level":"INFO","timestamp":"2025-07-31T15:32:22.394+0700","caller":"server/server.go:82","msg":"ServeGRPC: shutting down"}
{"level":"INFO","timestamp":"2025-07-31T15:32:22.394+0700","caller":"server/server.go:91","msg":"ServeGPRC: serve stopped"}
{"level":"INFO","timestamp":"2025-07-31T15:32:22.396+0700","caller":"srvdisc/consul.go:81","msg":"DeRegister service successfully","serviceID":"ea6118e5-9b87-42c7-9147-7b52e4ba78c3"}
{"level":"INFO","timestamp":"2025-07-31T15:32:23.432+0700","caller":"presentation/app.go:38","msg":"Initializing app"}
{"level":"INFO","timestamp":"2025-07-31T15:32:23.439+0700","caller":"projection/connection.go:48","msg":"Successfully connected to Postgres database"}
{"level":"INFO","timestamp":"2025-07-31T15:32:23.710+0700","caller":"eventstore/connection.go:87","msg":"Transaction event saved to EventStore","stream":"transaction-1","transaction_code":"50f1d6ce-fe10-4270-b9fa-2c4332540be2"}
{"level":"INFO","timestamp":"2025-07-31T15:32:23.711+0700","caller":"locker/locker.go:24","msg":"Initializing locker"}
{"level":"INFO","timestamp":"2025-07-31T15:32:23.711+0700","caller":"presentation/app.go:81","msg":"Event store connection initialized","eventStoreConnection":{}}
{"level":"INFO","timestamp":"2025-07-31T15:32:23.711+0700","caller":"presentation/app.go:88","msg":"Starting server"}
{"level":"INFO","timestamp":"2025-07-31T16:13:45.038+0700","caller":"server/server.go:82","msg":"ServeGRPC: shutting down"}
{"level":"INFO","timestamp":"2025-07-31T16:13:45.039+0700","caller":"server/server.go:91","msg":"ServeGPRC: serve stopped"}
{"level":"INFO","timestamp":"2025-07-31T16:13:45.042+0700","caller":"srvdisc/consul.go:81","msg":"DeRegister service successfully","serviceID":"53a2b948-30ca-4206-b957-3a27cf4fc237"}
{"level":"INFO","timestamp":"2025-07-31T16:43:15.631+0700","caller":"presentation/app.go:49","msg":"Initializing app"}
{"level":"INFO","timestamp":"2025-07-31T16:43:15.637+0700","caller":"projection/connection.go:48","msg":"Successfully connected to Postgres database"}
{"level":"INFO","timestamp":"2025-07-31T16:43:15.718+0700","caller":"locker/locker.go:24","msg":"Initializing locker"}
{"level":"INFO","timestamp":"2025-07-31T16:43:15.718+0700","caller":"esdb_storer/esdb_storer.go:25","msg":"Initializing ESDB storer"}
{"level":"INFO","timestamp":"2025-07-31T16:43:15.719+0700","caller":"esdb_listener/esdb_listener.go:25","msg":"Initializing ESDB listener"}
{"level":"INFO","timestamp":"2025-07-31T16:43:15.719+0700","caller":"esdb_listener/esdb_listener.go:35","msg":"Starting ESDB listener"}
{"level":"INFO","timestamp":"2025-07-31T16:43:15.769+0700","caller":"presentation/app.go:95","msg":"App initialized successfully"}
{"level":"ERROR","timestamp":"2025-07-31T16:43:15.769+0700","caller":"esdb_listener/esdb_listener.go:59","msg":"Subscription dropped","error":"subscription has been dropped","stacktrace":"event_sourcing_payment/infrastructure/eventstore/esdb_listener.(*EsdbListener).Start.func1\n\t/home/bhtoan/event_store_database/payment/infrastructure/eventstore/esdb_listener/esdb_listener.go:59"}
{"level":"INFO","timestamp":"2025-07-31T16:43:15.769+0700","caller":"presentation/app.go:110","msg":"Starting gRPC server"}
{"level":"INFO","timestamp":"2025-07-31T16:46:05.636+0700","caller":"server/server.go:82","msg":"ServeGRPC: shutting down"}
{"level":"INFO","timestamp":"2025-07-31T16:46:05.636+0700","caller":"server/server.go:91","msg":"ServeGPRC: serve stopped"}
{"level":"INFO","timestamp":"2025-07-31T16:46:05.638+0700","caller":"srvdisc/consul.go:81","msg":"DeRegister service successfully","serviceID":"db48bc67-bd48-4052-ba9a-58eea7a42e91"}
{"level":"INFO","timestamp":"2025-07-31T16:46:07.419+0700","caller":"presentation/app.go:49","msg":"Initializing app"}
{"level":"INFO","timestamp":"2025-07-31T16:46:07.424+0700","caller":"projection/connection.go:48","msg":"Successfully connected to Postgres database"}
{"level":"INFO","timestamp":"2025-07-31T16:46:07.499+0700","caller":"locker/locker.go:24","msg":"Initializing locker"}
{"level":"INFO","timestamp":"2025-07-31T16:46:07.499+0700","caller":"esdb_storer/esdb_storer.go:25","msg":"Initializing ESDB storer"}
{"level":"INFO","timestamp":"2025-07-31T16:46:07.499+0700","caller":"esdb_listener/esdb_listener.go:36","msg":"Initializing ESDB listener"}
{"level":"INFO","timestamp":"2025-07-31T16:46:07.499+0700","caller":"esdb_listener/esdb_listener.go:46","msg":"Starting ESDB listener"}
{"level":"INFO","timestamp":"2025-07-31T16:46:07.499+0700","caller":"presentation/app.go:95","msg":"App initialized successfully"}
{"level":"INFO","timestamp":"2025-07-31T16:46:07.499+0700","caller":"presentation/app.go:110","msg":"Starting gRPC server"}
{"level":"INFO","timestamp":"2025-07-31T16:46:07.506+0700","caller":"esdb_listener/esdb_listener.go:90","msg":"Successfully subscribed to EventStore"}
{"level":"ERROR","timestamp":"2025-07-31T16:49:51.760+0700","caller":"esdb_listener/esdb_listener.go:104","msg":"Subscription dropped","error":"rpc error: code = Canceled desc = context canceled","stacktrace":"event_sourcing_payment/infrastructure/eventstore/esdb_listener.(*EsdbListener).subscribe\n\t/home/bhtoan/event_store_database/payment/infrastructure/eventstore/esdb_listener/esdb_listener.go:104\nevent_sourcing_payment/infrastructure/eventstore/esdb_listener.(*EsdbListener).runSubscription\n\t/home/bhtoan/event_store_database/payment/infrastructure/eventstore/esdb_listener/esdb_listener.go:60"}
{"level":"INFO","timestamp":"2025-07-31T16:49:51.760+0700","caller":"server/server.go:82","msg":"ServeGRPC: shutting down"}
{"level":"ERROR","timestamp":"2025-07-31T16:49:51.760+0700","caller":"esdb_listener/esdb_listener.go:61","msg":"Subscription failed","error":"rpc error: code = Canceled desc = context canceled","attempt":1,"maxRetries":5,"stacktrace":"event_sourcing_payment/infrastructure/eventstore/esdb_listener.(*EsdbListener).runSubscription\n\t/home/bhtoan/event_store_database/payment/infrastructure/eventstore/esdb_listener/esdb_listener.go:61"}
{"level":"INFO","timestamp":"2025-07-31T16:49:51.760+0700","caller":"esdb_listener/esdb_listener.go:67","msg":"Retrying subscription","delay":5,"attempt":1}
{"level":"INFO","timestamp":"2025-07-31T16:49:51.760+0700","caller":"server/server.go:91","msg":"ServeGPRC: serve stopped"}
{"level":"INFO","timestamp":"2025-07-31T16:49:51.763+0700","caller":"srvdisc/consul.go:81","msg":"DeRegister service successfully","serviceID":"16728c74-5929-4a25-81c4-4db70d5003ee"}
